2024-12-07T04:01:12Z info: Deployment: d279bd06-a9aa-48e9-87b5-568d83d657c4
2024-12-07T04:01:12Z info: Build: 9c667d28-04e6-4933-831d-a2abf3185524
2024-12-07T04:01:12Z info: Connecting to builder
2024-12-07T04:01:12Z info: Deployment: d279bd06-a9aa-48e9-87b5-568d83d657c4
2024-12-07T04:01:12Z info: Build: 9c667d28-04e6-4933-831d-a2abf3185524
2024-12-07T04:01:12Z info: Connecting to builder
2024-12-07T04:01:20Z info: Builder connected
2024-12-07T04:01:20Z info: Installing packages
2024-12-07T04:01:21Z info: Starting Build

> rest-express@1.0.0 build
> vite build && esbuild server/index.ts --platform=node --packages=external --bundle --format=esm --outdir=dist


vite v5.4.11 building for production...

transforming...

server/index.ts(156,13): error TS2769: No overload matches this call.
  The last overload gave the following error.
    Argument of type '(err: ErrorWithStatus, _req: Request, res: Response, _next: NextFunction) => void' is not assignable to parameter of type 'PathParams'.

server/routes/index.ts(15,35): error TS2769: No overload matches this call.
  The last overload gave the following error.
    Argument of type '(req: Request, res: Response, next: NextFunction) => void' is not assignable to parameter of type 'Application<Record<string, any>>'.
      Type '(req: Request<ParamsDictionary, any, any, ParsedQs, Record<string, any>>, res: Response<any, Record<string, any>>, next: NextFunction) => void' is missing the following properties from type 'Application<Record<string, any>>': init, defaultConfiguration, engine, set, and 63 more.

server/routes/index.ts(15,48): error TS2345: Argument of type '(req: import("/home/runner/Study-Tools/node_modules/@types/express/index").Request<import("/home/runner/Study-Tools/node_modules/@types/express-serve-static-core/index").ParamsDictionary, any, any, qs.ParsedQs, Record<string, any>>, res: import("/home/runner/Study-Tools/node_modules/@types/express/index").Response<....' is not assignable to parameter of type '(req: import("/home/runner/Study-Tools/node_modules/@types/express/index").Request<import("/home/runner/Study-Tools/node_modules/@types/express-serve-static-core/index").ParamsDictionary, any, any, qs.ParsedQs, Record<string, any>>, res: import("/home/runner/Study-Tools/node_modules/@types/express/index").Response<....'.
  Type 'Promise<Response<any, Record<string, any>> | undefined>' is not assignable to type 'Promise<void>'.
    Type 'Response<any, Record<string, any>> | undefined' is not assignable to type 'void'.
      Type 'Response<any, Record<string, any>>' is not assignable to type 'void'.

server/routes/index.ts(16,35): error TS2769: No overload matches this call.
  The last overload gave the following error.
    Argument of type '(req: Request, res: Response, next: NextFunction) => void' is not assignable to parameter of type 'Application<Record<string, any>>'.
      Type '(req: Request<ParamsDictionary, any, any, ParsedQs, Record<string, any>>, res: Response<any, Record<string, any>>, next: NextFunction) => void' is missing the following properties from type 'Application<Record<string, any>>': init, defaultConfiguration, engine, set, and 63 more.

server/routes/index.ts(16,48): error TS2345: Argument of type '(req: import("/home/runner/Study-Tools/node_modules/@types/express/index").Request<import("/home/runner/Study-Tools/node_modules/@types/express-serve-static-core/index").ParamsDictionary, any, any, qs.ParsedQs, Record<string, any>>, res: import("/home/runner/Study-Tools/node_modules/@types/express/index").Response<....' is not assignable to parameter of type '(req: import("/home/runner/Study-Tools/node_modules/@types/express/index").Request<import("/home/runner/Study-Tools/node_modules/@types/express-serve-static-core/index").ParamsDictionary, any, any, qs.ParsedQs, Record<string, any>>, res: import("/home/runner/Study-Tools/node_modules/@types/express/index").Response<....'.
  Type 'Promise<Response<any, Record<string, any>> | undefined>' is not assignable to type 'Promise<void>'.
    Type 'Response<any, Record<string, any>> | undefined' is not assignable to type 'void'.
      Type 'Response<any, Record<string, any>>' is not assignable to type 'void'.
server/routes/index.ts(17,36): error TS2769: No overload matches this call.
  The last overload gave the following error.
    Argument of type '(req: Request, res: Response, next: NextFunction) => void' is not assignable to parameter of type 'Application<Record<string, any>>'.
      Type '(req: Request<ParamsDictionary, any, any, ParsedQs, Record<string, any>>, res: Response<any, Record<string, any>>, next: NextFunction) => void' is missing the following properties from type 'Application<Record<string, any>>': init, defaultConfiguration, engine, set, and 63 more.
server/routes/index.ts(18,33): error TS2769: No overload matches this call.
  The last overload gave the following error.
    Argument of type '(req: Request, res: Response, next: NextFunction) => void' is not assignable to parameter of type 'Application<Record<string, any>>'.
      Type '(req: Request<ParamsDictionary, any, any, ParsedQs, Record<string, any>>, res: Response<any, Record<string, any>>, next: NextFunction) => void' is missing the following properties from type 'Application<Record<string, any>>': init, defaultConfiguration, engine, set, and 63 more.

npm notice
npm notice New minor version of npm available! 10.8.1 -> 10.9.2
npm notice Changelog: https://github.com/npm/cli/releases/tag/v10.9.2
npm notice To update run: npm install -g npm@10.9.2
npm notice
